[2025-07-16 07:29:05 WRN] The 'AiProvider' property 'Provider' on entity type 'AiConfiguration' is configured with a database-generated default, but has no configured sentinel value. The database-generated default will always be used for inserts when the property has the value '0', since this is the CLR default for the 'AiProvider' type. Consider using a nullable type, using a nullable backing field, or setting the sentinel value for the property to ensure the database default is used when, and only when, appropriate. See https://aka.ms/efcore-docs-default-values for more information. {"EventId":{"Id":20601,"Name":"Microsoft.EntityFrameworkCore.Model.Validation.BoolWithDefaultWarning"},"SourceContext":"Microsoft.EntityFrameworkCore.Model.Validation"}
[2025-07-16 07:29:05 WRN] The 'ChatSessionStatus' property 'Status' on entity type 'ChatSession' is configured with a database-generated default, but has no configured sentinel value. The database-generated default will always be used for inserts when the property has the value '0', since this is the CLR default for the 'ChatSessionStatus' type. Consider using a nullable type, using a nullable backing field, or setting the sentinel value for the property to ensure the database default is used when, and only when, appropriate. See https://aka.ms/efcore-docs-default-values for more information. {"EventId":{"Id":20601,"Name":"Microsoft.EntityFrameworkCore.Model.Validation.BoolWithDefaultWarning"},"SourceContext":"Microsoft.EntityFrameworkCore.Model.Validation"}
[2025-07-16 07:29:05 WRN] No store type was specified for the decimal property 'ConfidenceThreshold' on entity type 'FaqEntry'. This will cause values to be silently truncated if they do not fit in the default precision and scale. Explicitly specify the SQL server column type that can accommodate all the values in 'OnModelCreating' using 'HasColumnType', specify precision and scale using 'HasPrecision', or configure a value converter using 'HasConversion'. {"EventId":{"Id":30000,"Name":"Microsoft.EntityFrameworkCore.Model.Validation.DecimalTypeDefaultWarning"},"SourceContext":"Microsoft.EntityFrameworkCore.Model.Validation"}
[2025-07-16 07:29:06 ERR] Failed executing DbCommand (7ms) [Parameters=[], CommandType='"Text"', CommandTimeout='30']
CREATE TABLE [AiTrainingFiles] (
    [Id] uniqueidentifier NOT NULL,
    [TenantId] uniqueidentifier NOT NULL,
    [FileName] nvarchar(max) NOT NULL,
    [OriginalFileName] nvarchar(max) NOT NULL,
    [FilePath] nvarchar(max) NOT NULL,
    [ContentType] nvarchar(max) NOT NULL,
    [FileSize] bigint NOT NULL,
    [FileHash] nvarchar(max) NOT NULL,
    [IsProcessed] bit NOT NULL,
    [ProcessedAt] datetime2 NULL,
    [ProcessingStatus] nvarchar(max) NULL,
    [ProcessingError] nvarchar(max) NULL,
    [ExtractedText] nvarchar(max) NULL,
    [WordCount] int NULL,
    [ChunkCount] int NULL,
    [IsActive] bit NOT NULL,
    [Description] nvarchar(max) NULL,
    [Tags] nvarchar(max) NULL,
    [UploadedByUserId] uniqueidentifier NOT NULL,
    [Metadata] nvarchar(max) NULL,
    [EmbeddingModel] nvarchar(max) NULL,
    [EmbeddingCreatedAt] datetime2 NULL,
    [HasEmbeddings] bit NOT NULL,
    [UploadedById] uniqueidentifier NOT NULL,
    [CreatedAt] datetime2 NOT NULL,
    [UpdatedAt] datetime2 NULL,
    [DeletedAt] datetime2 NULL,
    [IsDeleted] bit NOT NULL,
    CONSTRAINT [PK_AiTrainingFiles] PRIMARY KEY ([Id]),
    CONSTRAINT [FK_AiTrainingFiles_Tenants_TenantId] FOREIGN KEY ([TenantId]) REFERENCES [Tenants] ([Id]) ON DELETE CASCADE,
    CONSTRAINT [FK_AiTrainingFiles_Users_UploadedById] FOREIGN KEY ([UploadedById]) REFERENCES [Users] ([Id]) ON DELETE CASCADE
); {"EventId":{"Id":20102,"Name":"Microsoft.EntityFrameworkCore.Database.Command.CommandError"},"SourceContext":"Microsoft.EntityFrameworkCore.Database.Command"}
[2025-07-16 07:29:06 ERR] An error occurred while ensuring database creation {}
Microsoft.Data.SqlClient.SqlException (0x80131904): Introducing FOREIGN KEY constraint 'FK_AiTrainingFiles_Users_UploadedById' on table 'AiTrainingFiles' may cause cycles or multiple cascade paths. Specify ON DELETE NO ACTION or ON UPDATE NO ACTION, or modify other FOREIGN KEY constraints.
Could not create constraint or index. See previous errors.
   at Microsoft.Data.SqlClient.SqlConnection.OnError(SqlException exception, Boolean breakConnection, Action`1 wrapCloseInAction)
   at Microsoft.Data.SqlClient.SqlInternalConnection.OnError(SqlException exception, Boolean breakConnection, Action`1 wrapCloseInAction)
   at Microsoft.Data.SqlClient.TdsParser.ThrowExceptionAndWarning(TdsParserStateObject stateObj, Boolean callerHasConnectionLock, Boolean asyncClose)
   at Microsoft.Data.SqlClient.TdsParser.TryRun(RunBehavior runBehavior, SqlCommand cmdHandler, SqlDataReader dataStream, BulkCopySimpleResultSet bulkCopyHandler, TdsParserStateObject stateObj, Boolean& dataReady)
   at Microsoft.Data.SqlClient.SqlCommand.RunExecuteNonQueryTds(String methodName, Boolean isAsync, Int32 timeout, Boolean asyncWrite)
   at Microsoft.Data.SqlClient.SqlCommand.InternalExecuteNonQuery(TaskCompletionSource`1 completion, Boolean sendToPipe, Int32 timeout, Boolean& usedCache, Boolean asyncWrite, Boolean inRetry, String methodName)
   at Microsoft.Data.SqlClient.SqlCommand.ExecuteNonQuery()
   at Microsoft.EntityFrameworkCore.Storage.RelationalCommand.ExecuteNonQuery(RelationalCommandParameterObject parameterObject)
   at Microsoft.EntityFrameworkCore.Migrations.MigrationCommand.ExecuteNonQuery(IRelationalConnection connection, IReadOnlyDictionary`2 parameterValues)
   at Microsoft.EntityFrameworkCore.Migrations.Internal.MigrationCommandExecutor.Execute(IReadOnlyList`1 migrationCommands, IRelationalConnection connection, MigrationExecutionState executionState, Boolean beginTransaction, Boolean commitTransaction, Nullable`1 isolationLevel)
   at Microsoft.EntityFrameworkCore.Migrations.Internal.MigrationCommandExecutor.<>c.<ExecuteNonQuery>b__3_1(DbContext _, ValueTuple`6 s)
   at Microsoft.EntityFrameworkCore.SqlServer.Storage.Internal.SqlServerExecutionStrategy.Execute[TState,TResult](TState state, Func`3 operation, Func`3 verifySucceeded)
   at Microsoft.EntityFrameworkCore.Migrations.Internal.MigrationCommandExecutor.ExecuteNonQuery(IReadOnlyList`1 migrationCommands, IRelationalConnection connection, MigrationExecutionState executionState, Boolean commitTransaction, Nullable`1 isolationLevel)
   at Microsoft.EntityFrameworkCore.Storage.RelationalDatabaseCreator.CreateTables()
   at Microsoft.EntityFrameworkCore.Storage.RelationalDatabaseCreator.EnsureCreated()
   at Microsoft.EntityFrameworkCore.Infrastructure.DatabaseFacade.EnsureCreated()
   at Program.<Main>$(String[] args) in D:\Project\Develop\SmartAIChat\src\SmartAiChat.API\Program.cs:line 64
ClientConnectionId:ddf01a8a-2d52-4b56-9a81-2b38d825318c
Error Number:1785,State:0,Class:16
[2025-07-16 07:29:06 INF] SmartAiChat API starting up... {}
